[debug] [2021-06-12T12:48:46.831Z] ----------------------------------------------------------------------
[debug] [2021-06-12T12:48:46.833Z] Command:       C:\Program Files\nodejs\node.exe C:\Users\Bryl\AppData\Roaming\npm\node_modules\firebase-tools\lib\bin\firebase.js init
[debug] [2021-06-12T12:48:46.833Z] CLI Version:   9.12.1
[debug] [2021-06-12T12:48:46.833Z] Platform:      win32
[debug] [2021-06-12T12:48:46.833Z] Node Version:  v14.15.1
[debug] [2021-06-12T12:48:46.834Z] Time:          Sat Jun 12 2021 20:48:46 GMT+0800 (Philippine Standard Time)
[debug] [2021-06-12T12:48:46.834Z] ----------------------------------------------------------------------
[debug] 
[debug] [2021-06-12T12:48:46.843Z] > command requires scopes: ["email","openid","https://www.googleapis.com/auth/cloudplatformprojects.readonly","https://www.googleapis.com/auth/firebase","https://www.googleapis.com/auth/cloud-platform"]
[debug] [2021-06-12T12:48:46.843Z] > authorizing via signed-in user (bryllim@gmail.com)
[info] 
     ######## #### ########  ######## ########     ###     ######  ########
     ##        ##  ##     ## ##       ##     ##  ##   ##  ##       ##
     ######    ##  ########  ######   ########  #########  ######  ######
     ##        ##  ##    ##  ##       ##     ## ##     ##       ## ##
     ##       #### ##     ## ######## ########  ##     ##  ######  ########

You're about to initialize a Firebase project in this directory:

  C:\Users\Bryl\Desktop\Test React\react-firebase-chat-master

Before we get started, keep in mind:

  * You are initializing in an existing Firebase project directory

[info] 
=== Project Setup
[info] 
[info] First, let's associate this project directory with a Firebase project.
[info] You can create multiple project aliases by running firebase use --add, 
[info] but for now we'll just set up a default project.
[info] 
[info] i  .firebaserc already has a default project, using fireship-demos. 
[debug] [2021-06-12T12:49:24.703Z] >>> [apiv2][query] GET https://firebase.googleapis.com/v1beta1/projects/fireship-demos [none]
[debug] [2021-06-12T12:49:25.338Z] <<< [apiv2][status] GET https://firebase.googleapis.com/v1beta1/projects/fireship-demos 403
[debug] [2021-06-12T12:49:25.339Z] <<< [apiv2][body] GET https://firebase.googleapis.com/v1beta1/projects/fireship-demos {"error":{"code":403,"message":"The caller does not have permission","status":"PERMISSION_DENIED"}}
[debug] [2021-06-12T12:49:25.339Z] HTTP Error: 403, The caller does not have permission
[debug] [2021-06-12T12:49:25.570Z] FirebaseError: HTTP Error: 403, The caller does not have permission
    at module.exports (C:\Users\Bryl\AppData\Roaming\npm\node_modules\firebase-tools\lib\responseToError.js:38:12)
    at Client.doRequest (C:\Users\Bryl\AppData\Roaming\npm\node_modules\firebase-tools\lib\apiv2.js:238:23)
    at processTicksAndRejections (internal/process/task_queues.js:93:5)
    at async Client.request (C:\Users\Bryl\AppData\Roaming\npm\node_modules\firebase-tools\lib\apiv2.js:96:20)
    at async Object.getFirebaseProject (C:\Users\Bryl\AppData\Roaming\npm\node_modules\firebase-tools\lib\management\projects.js:290:21)
    at async Object.doSetup [as project] (C:\Users\Bryl\AppData\Roaming\npm\node_modules\firebase-tools\lib\init\features\project.js:77:27)
    at async init (C:\Users\Bryl\AppData\Roaming\npm\node_modules\firebase-tools\lib\init\index.js:19:9)
[error] 
[error] Error: Failed to get Firebase project fireship-demos. Please make sure the project exists and your account has permission to access it.
